<?xml version="1.0" encoding="UTF-8"?>
<robot generator="Robot 7.1 (Python 3.12.5 on win32)" generated="2024-12-29T01:47:26.561144" rpa="false" schemaversion="5">
<suite id="s1" name="Teste Login Gherkin Bdd" source="C:\Case_automacao_toro_investimentos\automacao_robot_framework\WebTesting\tests\teste_login_gherkin_bdd.robot">
<test id="s1-t1" name="Caso de Teste 01 - Login bem sucedido" line="9">
<kw name="Abrir navegador" owner="teste_login_procedural" type="SETUP">
<kw name="Open Browser" owner="SeleniumLibrary">
<msg time="2024-12-29T01:47:26.952163" level="INFO">Opening browser 'chrome' to base url 'None'.</msg>
<arg>browser=${BROWSER}</arg>
<doc>Opens a new browser instance to the optional ``url``.</doc>
<status status="PASS" start="2024-12-29T01:47:26.951166" elapsed="1.780655"/>
</kw>
<kw name="Maximize Browser Window" owner="SeleniumLibrary">
<doc>Maximizes current browser window.</doc>
<status status="PASS" start="2024-12-29T01:47:28.732823" elapsed="0.035014"/>
</kw>
<status status="PASS" start="2024-12-29T01:47:26.950132" elapsed="1.817705"/>
</kw>
<kw name="Dado que eu esteja no site da Toro Investimentos" owner="teste_login_gherkin_bdd">
<kw name="Acessar a home do site da Toro Investimentos" owner="teste_login_procedural">
<kw name="Go To" owner="SeleniumLibrary">
<msg time="2024-12-29T01:47:28.769827" level="INFO">Opening url 'https://www.toroinvestimentos.com.br/'</msg>
<arg>${URL_Toro_Investimentos}</arg>
<doc>Navigates the current browser window to the provided ``url``.</doc>
<status status="PASS" start="2024-12-29T01:47:28.768824" elapsed="3.194940"/>
</kw>
<kw name="Wait Until Element Is Visible" owner="SeleniumLibrary">
<arg>locator=${BTN_FAZER_LOGIN}</arg>
<arg>timeout=10</arg>
<doc>Waits until the element ``locator`` is visible.</doc>
<status status="PASS" start="2024-12-29T01:47:31.965763" elapsed="0.046995"/>
</kw>
<status status="PASS" start="2024-12-29T01:47:28.768824" elapsed="3.243934"/>
</kw>
<kw name="Wait Until Element Is Visible" owner="SeleniumLibrary">
<arg>locator=${BTN_FAZER_LOGIN}</arg>
<doc>Waits until the element ``locator`` is visible.</doc>
<status status="PASS" start="2024-12-29T01:47:32.012758" elapsed="0.021000"/>
</kw>
<status status="PASS" start="2024-12-29T01:47:28.768824" elapsed="3.264934"/>
</kw>
<kw name="Quando eu clicar em &quot;Fazer login&quot; e for redirecionado para a página de login" owner="teste_login_gherkin_bdd">
<kw name="Clicar na opção Fazer login" owner="teste_login_procedural">
<kw name="Click Element" owner="SeleniumLibrary">
<msg time="2024-12-29T01:47:32.035758" level="INFO">Clicking element '//span[@class='login-text'][contains(.,'Fazer login')]'.</msg>
<arg>locator=${BTN_FAZER_LOGIN}</arg>
<doc>Click the element identified by ``locator``.</doc>
<status status="PASS" start="2024-12-29T01:47:32.035758" elapsed="0.178999"/>
</kw>
<kw name="Get Window Handles" owner="SeleniumLibrary">
<msg time="2024-12-29T01:47:32.224757" level="INFO">${Window} = ['7A51987C1E0B2AF2DAD9194C6EA2328F', '9D6552D9AE0469AC58C81B7616637B05']</msg>
<var>${Window}</var>
<doc>Returns all child window handles of the selected browser as a list.</doc>
<status status="PASS" start="2024-12-29T01:47:32.215759" elapsed="0.008998"/>
</kw>
<kw name="Switch Window" owner="SeleniumLibrary">
<arg>${Window}[1]</arg>
<doc>Switches to browser window matching ``locator``.</doc>
<status status="PASS" start="2024-12-29T01:47:32.225757" elapsed="0.057006"/>
</kw>
<status status="PASS" start="2024-12-29T01:47:32.034758" elapsed="0.248005"/>
</kw>
<kw name="Get Window Handles" owner="SeleniumLibrary">
<msg time="2024-12-29T01:47:32.289758" level="INFO">${Window} = ['7A51987C1E0B2AF2DAD9194C6EA2328F', '9D6552D9AE0469AC58C81B7616637B05']</msg>
<var>${Window}</var>
<doc>Returns all child window handles of the selected browser as a list.</doc>
<status status="PASS" start="2024-12-29T01:47:32.282763" elapsed="0.006995"/>
</kw>
<kw name="Switch Window" owner="SeleniumLibrary">
<arg>${Window}[1]</arg>
<doc>Switches to browser window matching ``locator``.</doc>
<status status="PASS" start="2024-12-29T01:47:32.290758" elapsed="0.055003"/>
</kw>
<status status="PASS" start="2024-12-29T01:47:32.034758" elapsed="0.311003"/>
</kw>
<kw name="Então a frase &quot;Acesse sua conta Toro&quot; deve ser exibida" owner="teste_login_gherkin_bdd" source_name="Então a frase &quot;${FRASE}&quot; deve ser exibida">
<kw name="Wait Until Page Contains" owner="SeleniumLibrary">
<arg>text=${FRASE}</arg>
<doc>Waits until ``text`` appears on the current page.</doc>
<status status="PASS" start="2024-12-29T01:47:32.346759" elapsed="3.227882"/>
</kw>
<status status="PASS" start="2024-12-29T01:47:32.345761" elapsed="3.228880"/>
</kw>
<kw name="Quando eu inserir um e-mail ou CPF válido no campo" owner="teste_login_gherkin_bdd">
<kw name="Digitar e-mail válido no campo de E-mail ou CPF" owner="teste_login_procedural">
<kw name="Get Env" owner="env_loader">
<msg time="2024-12-29T01:47:35.577646" level="INFO">${email} = yuristricken7@gmail.com</msg>
<var>${email}</var>
<arg>EMAIL</arg>
<status status="PASS" start="2024-12-29T01:47:35.575642" elapsed="0.002004"/>
</kw>
<kw name="Wait Until Element Is Visible" owner="SeleniumLibrary">
<arg>locator=${INPUT_EMAIL_CPF}</arg>
<doc>Waits until the element ``locator`` is visible.</doc>
<status status="PASS" start="2024-12-29T01:47:35.578643" elapsed="0.082998"/>
</kw>
<kw name="Input Text" owner="SeleniumLibrary">
<msg time="2024-12-29T01:47:35.662642" level="INFO">Typing text 'yuristricken7@gmail.com' into text field 'username'.</msg>
<arg>locator=${INPUT_EMAIL_CPF}</arg>
<arg>text=${email}</arg>
<doc>Types the given ``text`` into the text field identified by ``locator``.</doc>
<status status="PASS" start="2024-12-29T01:47:35.662642" elapsed="0.242005"/>
</kw>
<status status="PASS" start="2024-12-29T01:47:35.575642" elapsed="0.329005"/>
</kw>
<status status="PASS" start="2024-12-29T01:47:35.575642" elapsed="0.329005"/>
</kw>
<kw name="E inserir a senha correta para o e-mail ou CPF" owner="teste_login_gherkin_bdd">
<kw name="Digitar senha do e-mail inserido no campo de Senha" owner="teste_login_procedural">
<kw name="Get Env" owner="env_loader">
<msg time="2024-12-29T01:47:35.907643" level="INFO">${senha} = Yuri@kjk2123</msg>
<var>${senha}</var>
<arg>SENHA</arg>
<status status="PASS" start="2024-12-29T01:47:35.905640" elapsed="0.002003"/>
</kw>
<kw name="Wait Until Element Is Visible" owner="SeleniumLibrary">
<arg>locator=${INPUT_SENHA}</arg>
<doc>Waits until the element ``locator`` is visible.</doc>
<status status="PASS" start="2024-12-29T01:47:35.907643" elapsed="0.029997"/>
</kw>
<kw name="Input Text" owner="SeleniumLibrary">
<msg time="2024-12-29T01:47:35.938640" level="INFO">Typing text 'Yuri@kjk2123' into text field 'password'.</msg>
<arg>locator=${INPUT_SENHA}</arg>
<arg>text=${senha}</arg>
<doc>Types the given ``text`` into the text field identified by ``locator``.</doc>
<status status="PASS" start="2024-12-29T01:47:35.937640" elapsed="0.149007"/>
</kw>
<status status="PASS" start="2024-12-29T01:47:35.905640" elapsed="0.181007"/>
</kw>
<status status="PASS" start="2024-12-29T01:47:35.905640" elapsed="0.181007"/>
</kw>
<kw name="E clicar no botão &quot;Entrar&quot;" owner="teste_login_gherkin_bdd">
<kw name="Clicar no botão Entrar" owner="teste_login_procedural">
<kw name="Click Button" owner="SeleniumLibrary">
<msg time="2024-12-29T01:47:36.088639" level="INFO">Clicking button '//button[@class='btn btn--md btn--full btn-primary--solid'][contains(.,'Entrar')]'.</msg>
<arg>locator=${BRN_ENTRAR}</arg>
<doc>Clicks the button identified by ``locator``.</doc>
<status status="PASS" start="2024-12-29T01:47:36.087641" elapsed="0.208001"/>
</kw>
<status status="PASS" start="2024-12-29T01:47:36.087641" elapsed="0.208001"/>
</kw>
<status status="PASS" start="2024-12-29T01:47:36.087641" elapsed="0.208001"/>
</kw>
<kw name="Então a página deve conter &quot;Olá, Yuri&quot;" owner="teste_login_gherkin_bdd" source_name="Então a página deve conter &quot;${TXT_BOAS_VINDAS}&quot;">
<kw name="Verificar se a página contem &quot;${TXT_BOAS_VINDAS}&quot;" owner="teste_login_procedural" source_name="Verificar se a página contem &quot;${TXT_BOAS_VINDAS}&quot;">
<kw name="Wait Until Page Contains" owner="SeleniumLibrary">
<arg>text=${TXT_BOAS_VINDAS}</arg>
<arg>timeout=10</arg>
<doc>Waits until ``text`` appears on the current page.</doc>
<status status="PASS" start="2024-12-29T01:47:36.297644" elapsed="4.684984"/>
</kw>
<status status="PASS" start="2024-12-29T01:47:36.296645" elapsed="4.685983"/>
</kw>
<status status="PASS" start="2024-12-29T01:47:36.295642" elapsed="4.686986"/>
</kw>
<kw name="Fechar navegador" owner="teste_login_procedural" type="TEARDOWN">
<kw name="Capture Page Screenshot" owner="SeleniumLibrary">
<msg time="2024-12-29T01:47:41.123628" level="INFO" html="true">&lt;/td&gt;&lt;/tr&gt;&lt;tr&gt;&lt;td colspan="3"&gt;&lt;a href="selenium-screenshot-2.png"&gt;&lt;img src="selenium-screenshot-2.png" width="800px"&gt;&lt;/a&gt;</msg>
<doc>Takes a screenshot of the current page and embeds it into a log file.</doc>
<status status="PASS" start="2024-12-29T01:47:40.984633" elapsed="0.138995"/>
</kw>
<kw name="Close Browser" owner="SeleniumLibrary">
<doc>Closes the current browser.</doc>
<status status="PASS" start="2024-12-29T01:47:41.123628" elapsed="2.234335"/>
</kw>
<status status="PASS" start="2024-12-29T01:47:40.983629" elapsed="2.374334"/>
</kw>
<doc>Esse teste verifica o botão "Fazer login"
E também verifica se o login é efetuado com sucesso passando credenciais válidas.</doc>
<tag>Funçionalidade_Login</tag>
<status status="PASS" start="2024-12-29T01:47:26.949132" elapsed="16.409839"/>
</test>
<doc>Esse suíte de testa a funcionalidade de Login da Toroinventimentos.com.br</doc>
<status status="PASS" start="2024-12-29T01:47:26.563143" elapsed="16.799815"/>
</suite>
<statistics>
<total>
<stat pass="1" fail="0" skip="0">All Tests</stat>
</total>
<tag>
<stat pass="1" fail="0" skip="0">Funçionalidade_Login</stat>
</tag>
<suite>
<stat pass="1" fail="0" skip="0" id="s1" name="Teste Login Gherkin Bdd">Teste Login Gherkin Bdd</stat>
</suite>
</statistics>
<errors>
</errors>
</robot>
