<?xml version="1.0" encoding="UTF-8"?>
<robot generator="Robot 7.1 (Python 3.12.5 on win32)" generated="2024-12-31T12:22:28.382614" rpa="false" schemaversion="5">
<suite id="s1" name="Teste Login Gherkin Bdd" source="C:\case_automacao_toro_investimentos\automacao_robot_framework\webtesting\tests\teste_login_gherkin_bdd.robot">
<test id="s1-t1" name="Caso de Teste 01 - Login bem sucedido" line="9">
<kw name="Abrir navegador" owner="teste_login_procedural" type="SETUP">
<kw name="Open Browser" owner="SeleniumLibrary">
<msg time="2024-12-31T12:22:28.837625" level="INFO">Opening browser 'chrome' to base url 'None'.</msg>
<arg>browser=${BROWSER}</arg>
<doc>Opens a new browser instance to the optional ``url``.</doc>
<status status="PASS" start="2024-12-31T12:22:28.837625" elapsed="4.228572"/>
</kw>
<kw name="Maximize Browser Window" owner="SeleniumLibrary">
<doc>Maximizes current browser window.</doc>
<status status="PASS" start="2024-12-31T12:22:33.066197" elapsed="0.033001"/>
</kw>
<status status="PASS" start="2024-12-31T12:22:28.836626" elapsed="4.263591"/>
</kw>
<kw name="Dado que eu esteja no site da Toro Investimentos" owner="teste_login_gherkin_bdd">
<kw name="Acessar a home do site da Toro Investimentos" owner="teste_login_procedural">
<kw name="Go To" owner="SeleniumLibrary">
<msg time="2024-12-31T12:22:33.101200" level="INFO">Opening url 'https://www.toroinvestimentos.com.br/'</msg>
<arg>${URL_Toro_Investimentos}</arg>
<doc>Navigates the current browser window to the provided ``url``.</doc>
<status status="PASS" start="2024-12-31T12:22:33.101200" elapsed="3.271512"/>
</kw>
<kw name="Wait Until Element Is Visible" owner="SeleniumLibrary">
<arg>locator=${BTN_FAZER_LOGIN}</arg>
<arg>timeout=10</arg>
<doc>Waits until the element ``locator`` is visible.</doc>
<status status="PASS" start="2024-12-31T12:22:36.372712" elapsed="0.144455"/>
</kw>
<status status="PASS" start="2024-12-31T12:22:33.101200" elapsed="3.415967"/>
</kw>
<kw name="Wait Until Element Is Visible" owner="SeleniumLibrary">
<arg>locator=${BTN_FAZER_LOGIN}</arg>
<doc>Waits until the element ``locator`` is visible.</doc>
<status status="PASS" start="2024-12-31T12:22:36.517167" elapsed="0.024102"/>
</kw>
<status status="PASS" start="2024-12-31T12:22:33.100217" elapsed="3.441052"/>
</kw>
<kw name="Quando eu clicar em &quot;Fazer login&quot; e for redirecionado para a página de login" owner="teste_login_gherkin_bdd">
<kw name="Clicar na opção Fazer login" owner="teste_login_procedural">
<kw name="Click Element" owner="SeleniumLibrary">
<msg time="2024-12-31T12:22:36.543270" level="INFO">Clicking element '//span[@class='login-text'][contains(.,'Fazer login')]'.</msg>
<arg>locator=${BTN_FAZER_LOGIN}</arg>
<doc>Click the element identified by ``locator``.</doc>
<status status="PASS" start="2024-12-31T12:22:36.542365" elapsed="0.204091"/>
</kw>
<kw name="Get Window Handles" owner="SeleniumLibrary">
<msg time="2024-12-31T12:22:36.757458" level="INFO">${Window} = ['F48120ADF96CE49FA5BEA0F53A0F3846', 'EE9389844B7A8204E9772AAE192A76D2']</msg>
<var>${Window}</var>
<doc>Returns all child window handles of the selected browser as a list.</doc>
<status status="PASS" start="2024-12-31T12:22:36.747458" elapsed="0.010000"/>
</kw>
<kw name="Switch Window" owner="SeleniumLibrary">
<arg>${Window}[1]</arg>
<doc>Switches to browser window matching ``locator``.</doc>
<status status="PASS" start="2024-12-31T12:22:36.757458" elapsed="0.073998"/>
</kw>
<status status="PASS" start="2024-12-31T12:22:36.542365" elapsed="0.290093"/>
</kw>
<kw name="Get Window Handles" owner="SeleniumLibrary">
<msg time="2024-12-31T12:22:36.834455" level="INFO">${Window} = ['F48120ADF96CE49FA5BEA0F53A0F3846', 'EE9389844B7A8204E9772AAE192A76D2']</msg>
<var>${Window}</var>
<doc>Returns all child window handles of the selected browser as a list.</doc>
<status status="PASS" start="2024-12-31T12:22:36.832458" elapsed="0.001997"/>
</kw>
<kw name="Switch Window" owner="SeleniumLibrary">
<arg>${Window}[1]</arg>
<doc>Switches to browser window matching ``locator``.</doc>
<status status="PASS" start="2024-12-31T12:22:36.834455" elapsed="0.059002"/>
</kw>
<status status="PASS" start="2024-12-31T12:22:36.541269" elapsed="0.353191"/>
</kw>
<kw name="Então devo ver a mensagem &quot;Acesse sua conta Toro&quot; na página de login" owner="teste_login_gherkin_bdd" source_name="Então devo ver a mensagem &quot;${FRASE}&quot; na página de login">
<kw name="Wait Until Page Contains" owner="SeleniumLibrary">
<arg>text=${FRASE}</arg>
<doc>Waits until ``text`` appears on the current page.</doc>
<status status="PASS" start="2024-12-31T12:22:36.895456" elapsed="3.265777"/>
</kw>
<status status="PASS" start="2024-12-31T12:22:36.894460" elapsed="3.266773"/>
</kw>
<kw name="Quando eu inserir um e-mail ou CPF válido no campo" owner="teste_login_gherkin_bdd">
<kw name="Digitar e-mail válido no campo de E-mail ou CPF" owner="teste_login_procedural">
<kw name="Get Env" owner="env_loader">
<msg time="2024-12-31T12:22:40.164233" level="INFO">${email} = yuristricken7@gmail.com</msg>
<var>${email}</var>
<arg>EMAIL</arg>
<status status="PASS" start="2024-12-31T12:22:40.162233" elapsed="0.002000"/>
</kw>
<kw name="Wait Until Element Is Visible" owner="SeleniumLibrary">
<arg>locator=${INPUT_EMAIL_CPF}</arg>
<arg>timeout=10</arg>
<doc>Waits until the element ``locator`` is visible.</doc>
<status status="PASS" start="2024-12-31T12:22:40.165234" elapsed="0.078000"/>
</kw>
<kw name="Input Text" owner="SeleniumLibrary">
<msg time="2024-12-31T12:22:40.243234" level="INFO">Typing text 'yuristricken7@gmail.com' into text field 'username'.</msg>
<arg>locator=${INPUT_EMAIL_CPF}</arg>
<arg>text=${email}</arg>
<doc>Types the given ``text`` into the text field identified by ``locator``.</doc>
<status status="PASS" start="2024-12-31T12:22:40.243234" elapsed="0.277999"/>
</kw>
<status status="PASS" start="2024-12-31T12:22:40.162233" elapsed="0.359000"/>
</kw>
<status status="PASS" start="2024-12-31T12:22:40.162233" elapsed="0.359000"/>
</kw>
<kw name="E inserir a senha correta para o e-mail ou CPF" owner="teste_login_gherkin_bdd">
<kw name="Digitar senha do e-mail inserido no campo de Senha" owner="teste_login_procedural">
<kw name="Get Env" owner="env_loader">
<msg time="2024-12-31T12:22:40.524231" level="INFO">${senha} = Yuri@heytop2123</msg>
<var>${senha}</var>
<arg>SENHA</arg>
<status status="PASS" start="2024-12-31T12:22:40.522232" elapsed="0.001999"/>
</kw>
<kw name="Wait Until Element Is Visible" owner="SeleniumLibrary">
<arg>locator=${INPUT_SENHA}</arg>
<arg>timeout=10</arg>
<doc>Waits until the element ``locator`` is visible.</doc>
<status status="PASS" start="2024-12-31T12:22:40.524231" elapsed="0.029001"/>
</kw>
<kw name="Input Text" owner="SeleniumLibrary">
<msg time="2024-12-31T12:22:40.554232" level="INFO">Typing text 'Yuri@heytop2123' into text field 'password'.</msg>
<arg>locator=${INPUT_SENHA}</arg>
<arg>text=${senha}</arg>
<doc>Types the given ``text`` into the text field identified by ``locator``.</doc>
<status status="PASS" start="2024-12-31T12:22:40.553232" elapsed="0.146000"/>
</kw>
<status status="PASS" start="2024-12-31T12:22:40.522232" elapsed="0.178000"/>
</kw>
<status status="PASS" start="2024-12-31T12:22:40.522232" elapsed="0.178000"/>
</kw>
<kw name="E clicar no botão &quot;Entrar&quot;" owner="teste_login_gherkin_bdd">
<kw name="Clicar no botão Entrar" owner="teste_login_procedural">
<kw name="Click Button" owner="SeleniumLibrary">
<msg time="2024-12-31T12:22:40.701234" level="INFO">Clicking button '//button[@class='btn btn--md btn--full btn-primary--solid'][contains(.,'Entrar')]'.</msg>
<arg>locator=${BTN_ENTRAR}</arg>
<doc>Clicks the button identified by ``locator``.</doc>
<status status="PASS" start="2024-12-31T12:22:40.701234" elapsed="0.206998"/>
</kw>
<status status="PASS" start="2024-12-31T12:22:40.701234" elapsed="0.206998"/>
</kw>
<status status="PASS" start="2024-12-31T12:22:40.700232" elapsed="0.208000"/>
</kw>
<kw name="Então devo ser redirecionado para a página /home" owner="teste_login_gherkin_bdd">
<kw name="Verifica se a url contem /home" owner="teste_login_procedural">
<kw name="Wait Until Location Contains" owner="SeleniumLibrary">
<arg>/home</arg>
<arg>timeout=10</arg>
<doc>Waits until the current URL contains ``expected``.</doc>
<status status="PASS" start="2024-12-31T12:22:40.909234" elapsed="4.765346"/>
</kw>
<status status="PASS" start="2024-12-31T12:22:40.909234" elapsed="4.765346"/>
</kw>
<status status="PASS" start="2024-12-31T12:22:40.908232" elapsed="4.766348"/>
</kw>
<kw name="E a página deve conter &quot;Olá, Yuri&quot;" owner="teste_login_gherkin_bdd" source_name="E a página deve conter &quot;${NOME_USUARIO}&quot;">
<kw name="Verificar se a página contem &quot;${NOME_USUARIO}&quot;" owner="teste_login_procedural" source_name="Verificar se a página contem &quot;${NOME_USUARIO}&quot;">
<kw name="Wait Until Page Contains" owner="SeleniumLibrary">
<arg>text=${NOME_USUARIO}</arg>
<arg>timeout=10</arg>
<doc>Waits until ``text`` appears on the current page.</doc>
<status status="PASS" start="2024-12-31T12:22:45.675580" elapsed="0.027002"/>
</kw>
<status status="PASS" start="2024-12-31T12:22:45.675580" elapsed="0.027002"/>
</kw>
<status status="PASS" start="2024-12-31T12:22:45.674580" elapsed="0.028002"/>
</kw>
<kw name="Fechar navegador" owner="teste_login_procedural" type="TEARDOWN">
<kw name="Capture Page Screenshot" owner="SeleniumLibrary">
<msg time="2024-12-31T12:22:45.843581" level="INFO" html="true">&lt;/td&gt;&lt;/tr&gt;&lt;tr&gt;&lt;td colspan="3"&gt;&lt;a href="selenium-screenshot-2.png"&gt;&lt;img src="selenium-screenshot-2.png" width="800px"&gt;&lt;/a&gt;</msg>
<doc>Takes a screenshot of the current page and embeds it into a log file.</doc>
<status status="PASS" start="2024-12-31T12:22:45.703581" elapsed="0.140000"/>
</kw>
<kw name="Close Browser" owner="SeleniumLibrary">
<doc>Closes the current browser.</doc>
<status status="PASS" start="2024-12-31T12:22:45.844581" elapsed="2.210398"/>
</kw>
<status status="PASS" start="2024-12-31T12:22:45.703581" elapsed="2.351398"/>
</kw>
<doc>Este caso de teste verifica o login com credenciais válidas.
Ele valida o redirecionamento para a página /home e,
confirma a exibição da saudação personalizada "Olá, Yuri".
O caso de teste foi estruturado em formato Gherkin (BDD),
descrevendo o cenário com passos claros: Dado, Quando, e Então.</doc>
<tag>Login_Gherkin_BDD</tag>
<status status="PASS" start="2024-12-31T12:22:28.834613" elapsed="19.221409"/>
</test>
<doc>Esse suíte de testa a funcionalidade de Login da Toroinventimentos.com.br</doc>
<status status="PASS" start="2024-12-31T12:22:28.386613" elapsed="19.672540"/>
</suite>
<statistics>
<total>
<stat pass="1" fail="0" skip="0">All Tests</stat>
</total>
<tag>
<stat pass="1" fail="0" skip="0">Login_Gherkin_BDD</stat>
</tag>
<suite>
<stat pass="1" fail="0" skip="0" id="s1" name="Teste Login Gherkin Bdd">Teste Login Gherkin Bdd</stat>
</suite>
</statistics>
<errors>
</errors>
</robot>
