<?xml version="1.0" encoding="UTF-8"?>
<robot generator="Robot 7.1 (Python 3.12.5 on win32)" generated="2024-12-30T18:25:55.119927" rpa="false" schemaversion="5">
<suite id="s1" name="Teste Login Procedural" source="C:\case_automacao_toro_investimentos\automacao_robot_framework\webtesting\tests\teste_login_procedural.robot">
<test id="s1-t1" name="Caso de Teste 01 - Login bem sucedido" line="9">
<kw name="Abrir navegador" owner="teste_login_procedural" type="SETUP">
<kw name="Open Browser" owner="SeleniumLibrary">
<msg time="2024-12-30T18:25:55.387959" level="INFO">Opening browser 'chrome' to base url 'None'.</msg>
<arg>browser=${BROWSER}</arg>
<doc>Opens a new browser instance to the optional ``url``.</doc>
<status status="PASS" start="2024-12-30T18:25:55.387959" elapsed="1.848573"/>
</kw>
<kw name="Maximize Browser Window" owner="SeleniumLibrary">
<doc>Maximizes current browser window.</doc>
<status status="PASS" start="2024-12-30T18:25:57.236532" elapsed="0.052823"/>
</kw>
<status status="PASS" start="2024-12-30T18:25:55.386959" elapsed="1.903398"/>
</kw>
<kw name="Acessar a home do site da Toro Investimentos" owner="teste_login_procedural">
<kw name="Go To" owner="SeleniumLibrary">
<msg time="2024-12-30T18:25:57.291366" level="INFO">Opening url 'https://www.toroinvestimentos.com.br/'</msg>
<arg>${URL_Toro_Investimentos}</arg>
<doc>Navigates the current browser window to the provided ``url``.</doc>
<status status="PASS" start="2024-12-30T18:25:57.291366" elapsed="1.940896"/>
</kw>
<kw name="Wait Until Element Is Visible" owner="SeleniumLibrary">
<arg>locator=${BTN_FAZER_LOGIN}</arg>
<arg>timeout=10</arg>
<doc>Waits until the element ``locator`` is visible.</doc>
<status status="PASS" start="2024-12-30T18:25:59.233262" elapsed="0.054169"/>
</kw>
<status status="PASS" start="2024-12-30T18:25:57.290357" elapsed="1.997074"/>
</kw>
<kw name="Clicar na opção Fazer login" owner="teste_login_procedural">
<kw name="Click Element" owner="SeleniumLibrary">
<msg time="2024-12-30T18:25:59.288411" level="INFO">Clicking element '//span[@class='login-text'][contains(.,'Fazer login')]'.</msg>
<arg>locator=${BTN_FAZER_LOGIN}</arg>
<doc>Click the element identified by ``locator``.</doc>
<status status="PASS" start="2024-12-30T18:25:59.288411" elapsed="0.166000"/>
</kw>
<kw name="Get Window Handles" owner="SeleniumLibrary">
<msg time="2024-12-30T18:25:59.466410" level="INFO">${Window} = ['A22FF5DBB9A07699A44FCB9765FE2A9B', '702BE3084085476AABA7A1E25E9A8BF0']</msg>
<var>${Window}</var>
<doc>Returns all child window handles of the selected browser as a list.</doc>
<status status="PASS" start="2024-12-30T18:25:59.454411" elapsed="0.011999"/>
</kw>
<kw name="Switch Window" owner="SeleniumLibrary">
<arg>${Window}[1]</arg>
<doc>Switches to browser window matching ``locator``.</doc>
<status status="PASS" start="2024-12-30T18:25:59.466410" elapsed="0.057000"/>
</kw>
<status status="PASS" start="2024-12-30T18:25:59.287431" elapsed="0.235979"/>
</kw>
<kw name="Verifica se aparece a frase &quot;Acesse sua conta Toro.&quot;" owner="teste_login_procedural" source_name="Verifica se aparece a frase &quot;${FRASE}&quot;">
<kw name="Wait Until Page Contains" owner="SeleniumLibrary">
<arg>text=${FRASE}</arg>
<arg>timeout=10</arg>
<doc>Waits until ``text`` appears on the current page.</doc>
<status status="PASS" start="2024-12-30T18:25:59.524412" elapsed="3.373869"/>
</kw>
<status status="PASS" start="2024-12-30T18:25:59.524412" elapsed="3.373869"/>
</kw>
<kw name="Digitar e-mail válido no campo de E-mail ou CPF" owner="teste_login_procedural">
<kw name="Get Env" owner="env_loader">
<msg time="2024-12-30T18:26:02.901281" level="INFO">${email} = yuristricken7@gmail.com</msg>
<var>${email}</var>
<arg>EMAIL</arg>
<status status="PASS" start="2024-12-30T18:26:02.899278" elapsed="0.002003"/>
</kw>
<kw name="Wait Until Element Is Visible" owner="SeleniumLibrary">
<arg>locator=${INPUT_EMAIL_CPF}</arg>
<arg>timeout=10</arg>
<doc>Waits until the element ``locator`` is visible.</doc>
<status status="PASS" start="2024-12-30T18:26:02.901281" elapsed="0.059999"/>
</kw>
<kw name="Input Text" owner="SeleniumLibrary">
<msg time="2024-12-30T18:26:02.962281" level="INFO">Typing text 'yuristricken7@gmail.com' into text field 'username'.</msg>
<arg>locator=${INPUT_EMAIL_CPF}</arg>
<arg>text=${email}</arg>
<doc>Types the given ``text`` into the text field identified by ``locator``.</doc>
<status status="PASS" start="2024-12-30T18:26:02.962281" elapsed="0.313999"/>
</kw>
<status status="PASS" start="2024-12-30T18:26:02.899278" elapsed="0.377002"/>
</kw>
<kw name="Digitar senha do e-mail inserido no campo de Senha" owner="teste_login_procedural">
<kw name="Get Env" owner="env_loader">
<msg time="2024-12-30T18:26:03.278281" level="INFO">${senha} = Yuri@kjk2123</msg>
<var>${senha}</var>
<arg>SENHA</arg>
<status status="PASS" start="2024-12-30T18:26:03.277281" elapsed="0.001000"/>
</kw>
<kw name="Wait Until Element Is Visible" owner="SeleniumLibrary">
<arg>locator=${INPUT_SENHA}</arg>
<arg>timeout=10</arg>
<doc>Waits until the element ``locator`` is visible.</doc>
<status status="PASS" start="2024-12-30T18:26:03.278281" elapsed="0.029999"/>
</kw>
<kw name="Input Text" owner="SeleniumLibrary">
<msg time="2024-12-30T18:26:03.309280" level="INFO">Typing text 'Yuri@kjk2123' into text field 'password'.</msg>
<arg>locator=${INPUT_SENHA}</arg>
<arg>text=${senha}</arg>
<doc>Types the given ``text`` into the text field identified by ``locator``.</doc>
<status status="PASS" start="2024-12-30T18:26:03.308280" elapsed="0.149999"/>
</kw>
<status status="PASS" start="2024-12-30T18:26:03.276280" elapsed="0.181999"/>
</kw>
<kw name="Clicar no botão Entrar" owner="teste_login_procedural">
<kw name="Click Button" owner="SeleniumLibrary">
<msg time="2024-12-30T18:26:03.459280" level="INFO">Clicking button '//button[@class='btn btn--md btn--full btn-primary--solid'][contains(.,'Entrar')]'.</msg>
<arg>locator=${BRN_ENTRAR}</arg>
<doc>Clicks the button identified by ``locator``.</doc>
<status status="PASS" start="2024-12-30T18:26:03.459280" elapsed="0.216999"/>
</kw>
<status status="PASS" start="2024-12-30T18:26:03.458279" elapsed="0.218000"/>
</kw>
<kw name="Verifica se a url contem /home" owner="teste_login_procedural">
<kw name="Wait Until Location Contains" owner="SeleniumLibrary">
<arg>/home</arg>
<arg>timeout=10</arg>
<doc>Waits until the current URL contains ``expected``.</doc>
<status status="PASS" start="2024-12-30T18:26:03.677281" elapsed="4.246150"/>
</kw>
<status status="PASS" start="2024-12-30T18:26:03.676279" elapsed="4.247152"/>
</kw>
<kw name="Verificar se a página contem &quot;Olá, Yuri&quot;" owner="teste_login_procedural" source_name="Verificar se a página contem &quot;${NOME_USUARIO}&quot;">
<kw name="Wait Until Page Contains" owner="SeleniumLibrary">
<arg>text=${NOME_USUARIO}</arg>
<arg>timeout=10</arg>
<doc>Waits until ``text`` appears on the current page.</doc>
<status status="PASS" start="2024-12-30T18:26:07.924432" elapsed="0.329516"/>
</kw>
<status status="PASS" start="2024-12-30T18:26:07.923431" elapsed="0.330517"/>
</kw>
<kw name="Fechar navegador" owner="teste_login_procedural" type="TEARDOWN">
<kw name="Capture Page Screenshot" owner="SeleniumLibrary">
<msg time="2024-12-30T18:26:08.427946" level="INFO" html="true">&lt;/td&gt;&lt;/tr&gt;&lt;tr&gt;&lt;td colspan="3"&gt;&lt;a href="selenium-screenshot-4.png"&gt;&lt;img src="selenium-screenshot-4.png" width="800px"&gt;&lt;/a&gt;</msg>
<doc>Takes a screenshot of the current page and embeds it into a log file.</doc>
<status status="PASS" start="2024-12-30T18:26:08.258948" elapsed="0.168998"/>
</kw>
<kw name="Close Browser" owner="SeleniumLibrary">
<doc>Closes the current browser.</doc>
<status status="PASS" start="2024-12-30T18:26:08.427946" elapsed="2.278035"/>
</kw>
<status status="PASS" start="2024-12-30T18:26:08.257948" elapsed="2.448033"/>
</kw>
<doc>Este caso de teste verifica o login com credenciais válidas.
Ele valida o redirecionamento para a página /home e,
confirma a exibição da saudação personalizada "Olá, Yuri".
Garantindo que a experiência do usuário ao logar-se no sistema ocorra sem erros.
O caso de teste foi estruturado em formato procedural, listando cada etapa em sequência.</doc>
<tag>Funçionalidade_Login</tag>
<status status="PASS" start="2024-12-30T18:25:55.385959" elapsed="15.320864"/>
</test>
<doc>Esse suíte de testa a funcionalidade de Login da Toroinventimentos.com.br</doc>
<status status="PASS" start="2024-12-30T18:25:55.121927" elapsed="15.587982"/>
</suite>
<statistics>
<total>
<stat pass="1" fail="0" skip="0">All Tests</stat>
</total>
<tag>
<stat pass="1" fail="0" skip="0">Funçionalidade_Login</stat>
</tag>
<suite>
<stat pass="1" fail="0" skip="0" id="s1" name="Teste Login Procedural">Teste Login Procedural</stat>
</suite>
</statistics>
<errors>
</errors>
</robot>
