<?xml version="1.0" encoding="UTF-8"?>
<robot generator="Robot 7.1 (Python 3.12.5 on win32)" generated="2024-12-31T12:22:56.678575" rpa="false" schemaversion="5">
<suite id="s1" name="Teste Login Procedural" source="C:\case_automacao_toro_investimentos\automacao_robot_framework\webtesting\tests\teste_login_procedural.robot">
<test id="s1-t1" name="Caso de Teste 01 - Login bem sucedido" line="9">
<kw name="Abrir navegador" owner="teste_login_procedural" type="SETUP">
<kw name="Open Browser" owner="SeleniumLibrary">
<msg time="2024-12-31T12:22:56.943562" level="INFO">Opening browser 'chrome' to base url 'None'.</msg>
<arg>browser=${BROWSER}</arg>
<doc>Opens a new browser instance to the optional ``url``.</doc>
<status status="PASS" start="2024-12-31T12:22:56.943562" elapsed="1.925518"/>
</kw>
<kw name="Maximize Browser Window" owner="SeleniumLibrary">
<doc>Maximizes current browser window.</doc>
<status status="PASS" start="2024-12-31T12:22:58.869080" elapsed="0.041999"/>
</kw>
<status status="PASS" start="2024-12-31T12:22:56.942562" elapsed="1.968517"/>
</kw>
<kw name="Acessar a home do site da Toro Investimentos" owner="teste_login_procedural">
<kw name="Go To" owner="SeleniumLibrary">
<msg time="2024-12-31T12:22:58.913080" level="INFO">Opening url 'https://www.toroinvestimentos.com.br/'</msg>
<arg>${URL_Toro_Investimentos}</arg>
<doc>Navigates the current browser window to the provided ``url``.</doc>
<status status="PASS" start="2024-12-31T12:22:58.912089" elapsed="3.517016"/>
</kw>
<kw name="Wait Until Element Is Visible" owner="SeleniumLibrary">
<arg>locator=${BTN_FAZER_LOGIN}</arg>
<arg>timeout=10</arg>
<doc>Waits until the element ``locator`` is visible.</doc>
<status status="PASS" start="2024-12-31T12:23:02.430140" elapsed="0.043789"/>
</kw>
<status status="PASS" start="2024-12-31T12:22:58.912089" elapsed="3.561840"/>
</kw>
<kw name="Clicar na opção Fazer login" owner="teste_login_procedural">
<kw name="Click Element" owner="SeleniumLibrary">
<msg time="2024-12-31T12:23:02.474930" level="INFO">Clicking element '//span[@class='login-text'][contains(.,'Fazer login')]'.</msg>
<arg>locator=${BTN_FAZER_LOGIN}</arg>
<doc>Click the element identified by ``locator``.</doc>
<status status="PASS" start="2024-12-31T12:23:02.474930" elapsed="0.175998"/>
</kw>
<kw name="Get Window Handles" owner="SeleniumLibrary">
<msg time="2024-12-31T12:23:02.660934" level="INFO">${Window} = ['6A009BFCABB8EAF4B1777A416ADBB9BB', 'B799BBDA9041129E272C99ACC1C86F02']</msg>
<var>${Window}</var>
<doc>Returns all child window handles of the selected browser as a list.</doc>
<status status="PASS" start="2024-12-31T12:23:02.651928" elapsed="0.009006"/>
</kw>
<kw name="Switch Window" owner="SeleniumLibrary">
<arg>${Window}[1]</arg>
<doc>Switches to browser window matching ``locator``.</doc>
<status status="PASS" start="2024-12-31T12:23:02.661929" elapsed="0.068000"/>
</kw>
<status status="PASS" start="2024-12-31T12:23:02.473929" elapsed="0.256999"/>
</kw>
<kw name="Verifica se aparece a frase &quot;Acesse sua conta Toro.&quot;" owner="teste_login_procedural" source_name="Verifica se aparece a frase &quot;${FRASE}&quot;">
<kw name="Wait Until Page Contains" owner="SeleniumLibrary">
<arg>text=${FRASE}</arg>
<arg>timeout=10</arg>
<doc>Waits until ``text`` appears on the current page.</doc>
<status status="PASS" start="2024-12-31T12:23:02.731929" elapsed="3.323147"/>
</kw>
<status status="PASS" start="2024-12-31T12:23:02.730928" elapsed="3.324148"/>
</kw>
<kw name="Digitar e-mail válido no campo de E-mail ou CPF" owner="teste_login_procedural">
<kw name="Get Env" owner="env_loader">
<msg time="2024-12-31T12:23:06.059079" level="INFO">${email} = yuristricken7@gmail.com</msg>
<var>${email}</var>
<arg>EMAIL</arg>
<status status="PASS" start="2024-12-31T12:23:06.057075" elapsed="0.002004"/>
</kw>
<kw name="Wait Until Element Is Visible" owner="SeleniumLibrary">
<arg>locator=${INPUT_EMAIL_CPF}</arg>
<arg>timeout=10</arg>
<doc>Waits until the element ``locator`` is visible.</doc>
<status status="PASS" start="2024-12-31T12:23:06.060076" elapsed="0.084999"/>
</kw>
<kw name="Input Text" owner="SeleniumLibrary">
<msg time="2024-12-31T12:23:06.145075" level="INFO">Typing text 'yuristricken7@gmail.com' into text field 'username'.</msg>
<arg>locator=${INPUT_EMAIL_CPF}</arg>
<arg>text=${email}</arg>
<doc>Types the given ``text`` into the text field identified by ``locator``.</doc>
<status status="PASS" start="2024-12-31T12:23:06.145075" elapsed="0.261998"/>
</kw>
<status status="PASS" start="2024-12-31T12:23:06.056076" elapsed="0.350997"/>
</kw>
<kw name="Digitar senha do e-mail inserido no campo de Senha" owner="teste_login_procedural">
<kw name="Get Env" owner="env_loader">
<msg time="2024-12-31T12:23:06.409072" level="INFO">${senha} = Yuri@heytop2123</msg>
<var>${senha}</var>
<arg>SENHA</arg>
<status status="PASS" start="2024-12-31T12:23:06.408072" elapsed="0.001000"/>
</kw>
<kw name="Wait Until Element Is Visible" owner="SeleniumLibrary">
<arg>locator=${INPUT_SENHA}</arg>
<arg>timeout=10</arg>
<doc>Waits until the element ``locator`` is visible.</doc>
<status status="PASS" start="2024-12-31T12:23:06.409072" elapsed="0.031002"/>
</kw>
<kw name="Input Text" owner="SeleniumLibrary">
<msg time="2024-12-31T12:23:06.440074" level="INFO">Typing text 'Yuri@heytop2123' into text field 'password'.</msg>
<arg>locator=${INPUT_SENHA}</arg>
<arg>text=${senha}</arg>
<doc>Types the given ``text`` into the text field identified by ``locator``.</doc>
<status status="PASS" start="2024-12-31T12:23:06.440074" elapsed="0.156000"/>
</kw>
<status status="PASS" start="2024-12-31T12:23:06.407073" elapsed="0.189001"/>
</kw>
<kw name="Clicar no botão Entrar" owner="teste_login_procedural">
<kw name="Click Button" owner="SeleniumLibrary">
<msg time="2024-12-31T12:23:06.598074" level="INFO">Clicking button '//button[@class='btn btn--md btn--full btn-primary--solid'][contains(.,'Entrar')]'.</msg>
<arg>locator=${BTN_ENTRAR}</arg>
<doc>Clicks the button identified by ``locator``.</doc>
<status status="PASS" start="2024-12-31T12:23:06.597075" elapsed="0.209001"/>
</kw>
<status status="PASS" start="2024-12-31T12:23:06.597075" elapsed="0.209001"/>
</kw>
<kw name="Verifica se a url contem /home" owner="teste_login_procedural">
<kw name="Wait Until Location Contains" owner="SeleniumLibrary">
<arg>/home</arg>
<arg>timeout=10</arg>
<doc>Waits until the current URL contains ``expected``.</doc>
<status status="PASS" start="2024-12-31T12:23:06.807076" elapsed="4.272454"/>
</kw>
<status status="PASS" start="2024-12-31T12:23:06.807076" elapsed="4.272454"/>
</kw>
<kw name="Verificar se a página contem &quot;Olá, Yuri&quot;" owner="teste_login_procedural" source_name="Verificar se a página contem &quot;${NOME_USUARIO}&quot;">
<kw name="Wait Until Page Contains" owner="SeleniumLibrary">
<arg>text=${NOME_USUARIO}</arg>
<arg>timeout=10</arg>
<doc>Waits until ``text`` appears on the current page.</doc>
<status status="PASS" start="2024-12-31T12:23:11.080530" elapsed="0.174000"/>
</kw>
<status status="PASS" start="2024-12-31T12:23:11.080530" elapsed="0.175001"/>
</kw>
<kw name="Fechar navegador" owner="teste_login_procedural" type="TEARDOWN">
<kw name="Capture Page Screenshot" owner="SeleniumLibrary">
<msg time="2024-12-31T12:23:11.400528" level="INFO" html="true">&lt;/td&gt;&lt;/tr&gt;&lt;tr&gt;&lt;td colspan="3"&gt;&lt;a href="selenium-screenshot-5.png"&gt;&lt;img src="selenium-screenshot-5.png" width="800px"&gt;&lt;/a&gt;</msg>
<doc>Takes a screenshot of the current page and embeds it into a log file.</doc>
<status status="PASS" start="2024-12-31T12:23:11.256530" elapsed="0.143998"/>
</kw>
<kw name="Close Browser" owner="SeleniumLibrary">
<doc>Closes the current browser.</doc>
<status status="PASS" start="2024-12-31T12:23:11.400528" elapsed="2.241472"/>
</kw>
<status status="PASS" start="2024-12-31T12:23:11.256530" elapsed="2.385470"/>
</kw>
<doc>Este caso de teste verifica o login com credenciais válidas.
Ele valida o redirecionamento para a página /home e,
confirma a exibição da saudação personalizada "Olá, Yuri".
Garantindo que a experiência do usuário ao logar-se no sistema ocorra sem erros.
O caso de teste foi estruturado em formato procedural, listando cada etapa em sequência.</doc>
<tag>Funçionalidade_Login</tag>
<status status="PASS" start="2024-12-31T12:22:56.940563" elapsed="16.702457"/>
</test>
<doc>Esse suíte de testa a funcionalidade de Login da Toroinventimentos.com.br</doc>
<status status="PASS" start="2024-12-31T12:22:56.680562" elapsed="16.964434"/>
</suite>
<statistics>
<total>
<stat pass="1" fail="0" skip="0">All Tests</stat>
</total>
<tag>
<stat pass="1" fail="0" skip="0">Funçionalidade_Login</stat>
</tag>
<suite>
<stat pass="1" fail="0" skip="0" id="s1" name="Teste Login Procedural">Teste Login Procedural</stat>
</suite>
</statistics>
<errors>
</errors>
</robot>
