<?xml version="1.0" encoding="UTF-8"?>
<robot generator="Robot 7.1 (Python 3.12.5 on win32)" generated="2024-12-30T18:26:19.343572" rpa="false" schemaversion="5">
<suite id="s1" name="Func Login Page" source="C:\case_automacao_toro_investimentos\automacao_robot_framework\webtesting\tests\func_login_page.robot">
<test id="s1-t1" name="Login De Usuario" line="6">
<kw name="Login Function" owner="func_login_page">
<kw name="Abrir navegador" owner="teste_login_procedural">
<kw name="Open Browser" owner="SeleniumLibrary">
<msg time="2024-12-30T18:26:19.629877" level="INFO">Opening browser 'chrome' to base url 'None'.</msg>
<arg>browser=${BROWSER}</arg>
<doc>Opens a new browser instance to the optional ``url``.</doc>
<status status="PASS" start="2024-12-30T18:26:19.629877" elapsed="1.849223"/>
</kw>
<kw name="Maximize Browser Window" owner="SeleniumLibrary">
<doc>Maximizes current browser window.</doc>
<status status="PASS" start="2024-12-30T18:26:21.479100" elapsed="0.037691"/>
</kw>
<status status="PASS" start="2024-12-30T18:26:19.628878" elapsed="1.887913"/>
</kw>
<kw name="Carregar Credenciais" owner="func_login_page">
<kw name="Get Env" owner="env_loader">
<msg time="2024-12-30T18:26:21.520012" level="INFO">${EMAIL} = yuristricken7@gmail.com</msg>
<var>${EMAIL}</var>
<arg>EMAIL</arg>
<status status="PASS" start="2024-12-30T18:26:21.517789" elapsed="0.002223"/>
</kw>
<kw name="Get Env" owner="env_loader">
<msg time="2024-12-30T18:26:21.521016" level="INFO">${SENHA} = Yuri@kjk2123</msg>
<var>${SENHA}</var>
<arg>SENHA</arg>
<status status="PASS" start="2024-12-30T18:26:21.520012" elapsed="0.001004"/>
</kw>
<kw name="Set Suite Variable" owner="BuiltIn">
<msg time="2024-12-30T18:26:21.522013" level="INFO">${EMAIL} = yuristricken7@gmail.com</msg>
<arg>${EMAIL}</arg>
<doc>Makes a variable available everywhere within the scope of the current suite.</doc>
<status status="PASS" start="2024-12-30T18:26:21.522013" elapsed="0.000000"/>
</kw>
<kw name="Set Suite Variable" owner="BuiltIn">
<msg time="2024-12-30T18:26:21.522013" level="INFO">${SENHA} = Yuri@kjk2123</msg>
<arg>${SENHA}</arg>
<doc>Makes a variable available everywhere within the scope of the current suite.</doc>
<status status="PASS" start="2024-12-30T18:26:21.522013" elapsed="0.000000"/>
</kw>
<status status="PASS" start="2024-12-30T18:26:21.517789" elapsed="0.004224"/>
</kw>
<kw name="Acessar a home do site da Toro Investimentos" owner="teste_login_procedural">
<kw name="Go To" owner="SeleniumLibrary">
<msg time="2024-12-30T18:26:21.523012" level="INFO">Opening url 'https://www.toroinvestimentos.com.br/'</msg>
<arg>${URL_Toro_Investimentos}</arg>
<doc>Navigates the current browser window to the provided ``url``.</doc>
<status status="PASS" start="2024-12-30T18:26:21.523012" elapsed="3.135109"/>
</kw>
<kw name="Wait Until Element Is Visible" owner="SeleniumLibrary">
<arg>locator=${BTN_FAZER_LOGIN}</arg>
<arg>timeout=10</arg>
<doc>Waits until the element ``locator`` is visible.</doc>
<status status="PASS" start="2024-12-30T18:26:24.659118" elapsed="0.051986"/>
</kw>
<status status="PASS" start="2024-12-30T18:26:21.523012" elapsed="3.188092"/>
</kw>
<kw name="Clicar na opção Fazer login" owner="teste_login_procedural">
<kw name="Click Element" owner="SeleniumLibrary">
<msg time="2024-12-30T18:26:24.712103" level="INFO">Clicking element '//span[@class='login-text'][contains(.,'Fazer login')]'.</msg>
<arg>locator=${BTN_FAZER_LOGIN}</arg>
<doc>Click the element identified by ``locator``.</doc>
<status status="PASS" start="2024-12-30T18:26:24.712103" elapsed="0.178000"/>
</kw>
<kw name="Get Window Handles" owner="SeleniumLibrary">
<msg time="2024-12-30T18:26:24.899102" level="INFO">${Window} = ['F3B11944A4A82476E0069BF957D8EB7C', '89E4E5663EBA6BF76F325D637D10E7F1']</msg>
<var>${Window}</var>
<doc>Returns all child window handles of the selected browser as a list.</doc>
<status status="PASS" start="2024-12-30T18:26:24.891103" elapsed="0.007999"/>
</kw>
<kw name="Switch Window" owner="SeleniumLibrary">
<arg>${Window}[1]</arg>
<doc>Switches to browser window matching ``locator``.</doc>
<status status="PASS" start="2024-12-30T18:26:24.900103" elapsed="0.055007"/>
</kw>
<status status="PASS" start="2024-12-30T18:26:24.711104" elapsed="0.244006"/>
</kw>
<kw name="Digitar e-mail válido no campo de E-mail ou CPF" owner="func_login_page">
<kw name="Wait Until Element Is Visible" owner="SeleniumLibrary">
<arg>locator=${INPUT_EMAIL_CPF}</arg>
<arg>timeout=10</arg>
<doc>Waits until the element ``locator`` is visible.</doc>
<status status="PASS" start="2024-12-30T18:26:24.956109" elapsed="3.513085"/>
</kw>
<kw name="Input Text" owner="SeleniumLibrary">
<msg time="2024-12-30T18:26:28.470194" level="INFO">Typing text 'yuristricken7@gmail.com' into text field 'username'.</msg>
<arg>locator=${INPUT_EMAIL_CPF}</arg>
<arg>text=${email}</arg>
<doc>Types the given ``text`` into the text field identified by ``locator``.</doc>
<status status="PASS" start="2024-12-30T18:26:28.469194" elapsed="0.248997"/>
</kw>
<arg>${EMAIL}</arg>
<status status="PASS" start="2024-12-30T18:26:24.955110" elapsed="3.763081"/>
</kw>
<kw name="Digitar senha do e-mail inserido no campo de Senha" owner="func_login_page">
<kw name="Wait Until Element Is Visible" owner="SeleniumLibrary">
<arg>locator=${INPUT_SENHA}</arg>
<arg>timeout=10</arg>
<doc>Waits until the element ``locator`` is visible.</doc>
<status status="PASS" start="2024-12-30T18:26:28.719193" elapsed="0.032000"/>
</kw>
<kw name="Input Text" owner="SeleniumLibrary">
<msg time="2024-12-30T18:26:28.752193" level="INFO">Typing text 'Yuri@kjk2123' into text field 'password'.</msg>
<arg>locator=${INPUT_SENHA}</arg>
<arg>text=${senha}</arg>
<doc>Types the given ``text`` into the text field identified by ``locator``.</doc>
<status status="PASS" start="2024-12-30T18:26:28.752193" elapsed="0.149001"/>
</kw>
<arg>${SENHA}</arg>
<status status="PASS" start="2024-12-30T18:26:28.719193" elapsed="0.182001"/>
</kw>
<kw name="Clicar no botão Entrar" owner="teste_login_procedural">
<kw name="Click Button" owner="SeleniumLibrary">
<msg time="2024-12-30T18:26:28.901194" level="INFO">Clicking button '//button[@class='btn btn--md btn--full btn-primary--solid'][contains(.,'Entrar')]'.</msg>
<arg>locator=${BRN_ENTRAR}</arg>
<doc>Clicks the button identified by ``locator``.</doc>
<status status="PASS" start="2024-12-30T18:26:28.901194" elapsed="0.210006"/>
</kw>
<status status="PASS" start="2024-12-30T18:26:28.901194" elapsed="0.211000"/>
</kw>
<kw name="Verifica se a url contem /home" owner="teste_login_procedural">
<kw name="Wait Until Location Contains" owner="SeleniumLibrary">
<arg>/home</arg>
<arg>timeout=10</arg>
<doc>Waits until the current URL contains ``expected``.</doc>
<status status="PASS" start="2024-12-30T18:26:29.112194" elapsed="4.662897"/>
</kw>
<status status="PASS" start="2024-12-30T18:26:29.112194" elapsed="4.662897"/>
</kw>
<kw name="Verificar se a página contem &quot;Olá, Yuri&quot;" owner="teste_login_procedural" source_name="Verificar se a página contem &quot;${NOME_USUARIO}&quot;">
<kw name="Wait Until Page Contains" owner="SeleniumLibrary">
<arg>text=${NOME_USUARIO}</arg>
<arg>timeout=10</arg>
<doc>Waits until ``text`` appears on the current page.</doc>
<status status="PASS" start="2024-12-30T18:26:33.776092" elapsed="0.019342"/>
</kw>
<status status="PASS" start="2024-12-30T18:26:33.776092" elapsed="0.019342"/>
</kw>
<status status="PASS" start="2024-12-30T18:26:19.627894" elapsed="14.168572"/>
</kw>
<doc>Este caso de teste demonstra a utilização de uma função dedicada para realizar login.
Ele demonstra como simplificar o processo de login.</doc>
<status status="PASS" start="2024-12-30T18:26:19.626876" elapsed="14.169590"/>
</test>
<status status="PASS" start="2024-12-30T18:26:19.345571" elapsed="14.451887"/>
</suite>
<statistics>
<total>
<stat pass="1" fail="0" skip="0">All Tests</stat>
</total>
<tag>
</tag>
<suite>
<stat pass="1" fail="0" skip="0" id="s1" name="Func Login Page">Func Login Page</stat>
</suite>
</statistics>
<errors>
</errors>
</robot>
