<?xml version="1.0" encoding="UTF-8"?>
<robot generator="Robot 7.1 (Python 3.12.5 on win32)" generated="2024-12-31T12:23:22.295742" rpa="false" schemaversion="5">
<suite id="s1" name="Func Login Page" source="C:\case_automacao_toro_investimentos\automacao_robot_framework\webtesting\tests\func_login_page.robot">
<test id="s1-t1" name="Login De Usuario" line="6">
<kw name="Login Function" owner="func_login_page">
<kw name="Abrir navegador" owner="teste_login_procedural">
<kw name="Open Browser" owner="SeleniumLibrary">
<msg time="2024-12-31T12:23:22.611741" level="INFO">Opening browser 'chrome' to base url 'None'.</msg>
<arg>browser=${BROWSER}</arg>
<doc>Opens a new browser instance to the optional ``url``.</doc>
<status status="PASS" start="2024-12-31T12:23:22.610751" elapsed="1.936078"/>
</kw>
<kw name="Maximize Browser Window" owner="SeleniumLibrary">
<doc>Maximizes current browser window.</doc>
<status status="PASS" start="2024-12-31T12:23:24.547840" elapsed="0.050236"/>
</kw>
<status status="PASS" start="2024-12-31T12:23:22.609742" elapsed="1.989338"/>
</kw>
<kw name="Carregar Credenciais" owner="func_login_page">
<kw name="Get Env" owner="env_loader">
<msg time="2024-12-31T12:23:24.601093" level="INFO">${EMAIL} = yuristricken7@gmail.com</msg>
<var>${EMAIL}</var>
<arg>EMAIL</arg>
<status status="PASS" start="2024-12-31T12:23:24.599080" elapsed="0.002013"/>
</kw>
<kw name="Get Env" owner="env_loader">
<msg time="2024-12-31T12:23:24.602103" level="INFO">${SENHA} = Yuri@heytop2123</msg>
<var>${SENHA}</var>
<arg>SENHA</arg>
<status status="PASS" start="2024-12-31T12:23:24.601093" elapsed="0.001010"/>
</kw>
<kw name="Set Suite Variable" owner="BuiltIn">
<msg time="2024-12-31T12:23:24.602103" level="INFO">${EMAIL} = yuristricken7@gmail.com</msg>
<arg>${EMAIL}</arg>
<doc>Makes a variable available everywhere within the scope of the current suite.</doc>
<status status="PASS" start="2024-12-31T12:23:24.602103" elapsed="0.001016"/>
</kw>
<kw name="Set Suite Variable" owner="BuiltIn">
<msg time="2024-12-31T12:23:24.603119" level="INFO">${SENHA} = Yuri@heytop2123</msg>
<arg>${SENHA}</arg>
<doc>Makes a variable available everywhere within the scope of the current suite.</doc>
<status status="PASS" start="2024-12-31T12:23:24.603119" elapsed="0.000000"/>
</kw>
<status status="PASS" start="2024-12-31T12:23:24.599080" elapsed="0.004039"/>
</kw>
<kw name="Acessar a home do site da Toro Investimentos" owner="teste_login_procedural">
<kw name="Go To" owner="SeleniumLibrary">
<msg time="2024-12-31T12:23:24.604128" level="INFO">Opening url 'https://www.toroinvestimentos.com.br/'</msg>
<arg>${URL_Toro_Investimentos}</arg>
<doc>Navigates the current browser window to the provided ``url``.</doc>
<status status="PASS" start="2024-12-31T12:23:24.603119" elapsed="3.411174"/>
</kw>
<kw name="Wait Until Element Is Visible" owner="SeleniumLibrary">
<arg>locator=${BTN_FAZER_LOGIN}</arg>
<arg>timeout=10</arg>
<doc>Waits until the element ``locator`` is visible.</doc>
<status status="PASS" start="2024-12-31T12:23:28.015297" elapsed="0.048138"/>
</kw>
<status status="PASS" start="2024-12-31T12:23:24.603119" elapsed="3.460316"/>
</kw>
<kw name="Clicar na opção Fazer login" owner="teste_login_procedural">
<kw name="Click Element" owner="SeleniumLibrary">
<msg time="2024-12-31T12:23:28.064433" level="INFO">Clicking element '//span[@class='login-text'][contains(.,'Fazer login')]'.</msg>
<arg>locator=${BTN_FAZER_LOGIN}</arg>
<doc>Click the element identified by ``locator``.</doc>
<status status="PASS" start="2024-12-31T12:23:28.064433" elapsed="0.189767"/>
</kw>
<kw name="Get Window Handles" owner="SeleniumLibrary">
<msg time="2024-12-31T12:23:28.264199" level="INFO">${Window} = ['A800A6BFAB6C0513496A6D30790D6B99', '90BBB479C750865404DA69296805177B']</msg>
<var>${Window}</var>
<doc>Returns all child window handles of the selected browser as a list.</doc>
<status status="PASS" start="2024-12-31T12:23:28.254200" elapsed="0.009999"/>
</kw>
<kw name="Switch Window" owner="SeleniumLibrary">
<arg>${Window}[1]</arg>
<doc>Switches to browser window matching ``locator``.</doc>
<status status="PASS" start="2024-12-31T12:23:28.264199" elapsed="0.071001"/>
</kw>
<status status="PASS" start="2024-12-31T12:23:28.063435" elapsed="0.271765"/>
</kw>
<kw name="Digitar e-mail válido no campo de E-mail ou CPF" owner="func_login_page">
<kw name="Wait Until Element Is Visible" owner="SeleniumLibrary">
<arg>locator=${INPUT_EMAIL_CPF}</arg>
<arg>timeout=10</arg>
<doc>Waits until the element ``locator`` is visible.</doc>
<status status="PASS" start="2024-12-31T12:23:28.336199" elapsed="3.099873"/>
</kw>
<kw name="Input Text" owner="SeleniumLibrary">
<msg time="2024-12-31T12:23:31.436072" level="INFO">Typing text 'yuristricken7@gmail.com' into text field 'username'.</msg>
<arg>locator=${INPUT_EMAIL_CPF}</arg>
<arg>text=${email}</arg>
<doc>Types the given ``text`` into the text field identified by ``locator``.</doc>
<status status="PASS" start="2024-12-31T12:23:31.436072" elapsed="0.292097"/>
</kw>
<arg>${EMAIL}</arg>
<status status="PASS" start="2024-12-31T12:23:28.336199" elapsed="3.392971"/>
</kw>
<kw name="Digitar senha do e-mail inserido no campo de Senha" owner="func_login_page">
<kw name="Wait Until Element Is Visible" owner="SeleniumLibrary">
<arg>locator=${INPUT_SENHA}</arg>
<arg>timeout=10</arg>
<doc>Waits until the element ``locator`` is visible.</doc>
<status status="PASS" start="2024-12-31T12:23:31.729170" elapsed="0.029000"/>
</kw>
<kw name="Input Text" owner="SeleniumLibrary">
<msg time="2024-12-31T12:23:31.758170" level="INFO">Typing text 'Yuri@heytop2123' into text field 'password'.</msg>
<arg>locator=${INPUT_SENHA}</arg>
<arg>text=${senha}</arg>
<doc>Types the given ``text`` into the text field identified by ``locator``.</doc>
<status status="PASS" start="2024-12-31T12:23:31.758170" elapsed="0.166001"/>
</kw>
<arg>${SENHA}</arg>
<status status="PASS" start="2024-12-31T12:23:31.729170" elapsed="0.195001"/>
</kw>
<kw name="Clicar no botão Entrar" owner="teste_login_procedural">
<kw name="Click Button" owner="SeleniumLibrary">
<msg time="2024-12-31T12:23:31.925192" level="INFO">Clicking button '//button[@class='btn btn--md btn--full btn-primary--solid'][contains(.,'Entrar')]'.</msg>
<arg>locator=${BTN_ENTRAR}</arg>
<doc>Clicks the button identified by ``locator``.</doc>
<status status="PASS" start="2024-12-31T12:23:31.925192" elapsed="0.178978"/>
</kw>
<status status="PASS" start="2024-12-31T12:23:31.924171" elapsed="0.179999"/>
</kw>
<kw name="Verifica se a url contem /home" owner="teste_login_procedural">
<kw name="Wait Until Location Contains" owner="SeleniumLibrary">
<arg>/home</arg>
<arg>timeout=10</arg>
<doc>Waits until the current URL contains ``expected``.</doc>
<status status="PASS" start="2024-12-31T12:23:32.105171" elapsed="4.485162"/>
</kw>
<status status="PASS" start="2024-12-31T12:23:32.104170" elapsed="4.486163"/>
</kw>
<kw name="Verificar se a página contem &quot;Olá, Yuri&quot;" owner="teste_login_procedural" source_name="Verificar se a página contem &quot;${NOME_USUARIO}&quot;">
<kw name="Wait Until Page Contains" owner="SeleniumLibrary">
<arg>text=${NOME_USUARIO}</arg>
<arg>timeout=10</arg>
<doc>Waits until ``text`` appears on the current page.</doc>
<status status="PASS" start="2024-12-31T12:23:36.591332" elapsed="0.032002"/>
</kw>
<status status="PASS" start="2024-12-31T12:23:36.590333" elapsed="0.033001"/>
</kw>
<status status="PASS" start="2024-12-31T12:23:22.609742" elapsed="14.014592"/>
</kw>
<doc>Este caso de teste demonstra a utilização de uma função dedicada para realizar login.
Ele demonstra como simplificar o processo de login.</doc>
<tag>Funcao_Login</tag>
<status status="PASS" start="2024-12-31T12:23:22.607739" elapsed="14.016595"/>
</test>
<status status="PASS" start="2024-12-31T12:23:22.297743" elapsed="14.328590"/>
</suite>
<statistics>
<total>
<stat pass="1" fail="0" skip="0">All Tests</stat>
</total>
<tag>
<stat pass="1" fail="0" skip="0">Funcao_Login</stat>
</tag>
<suite>
<stat pass="1" fail="0" skip="0" id="s1" name="Func Login Page">Func Login Page</stat>
</suite>
</statistics>
<errors>
</errors>
</robot>
